C:\Windows\System32\bash.exe -ic 'node --trace-warnings --debug-brk --inspect=0.0.0.0:9232 dist/be/src/tests/jasmine.js' 
bash: /usr/lib/git-core/git-sh-prompt: line 300: syntax error near unexpected token `('
bash: /usr/lib/git-core/git-sh-prompt: line 300: `__git_ps1 ()'
Debugger listening on ws://0.0.0.0:9232/4da0eeff-42a2-4854-8d4d-64a1918bb98b
For help, see: https://nodejs.org/en/docs/inspector
Debugger attached.
Jasmine started
frmdbEngine.frmdbEngineStore.mapReduceViews.size= 0
stockReservationSchema.entities.B.props.sum__.formula= SUMIF(A.val, b == @[_id])
stockReservationSchema.entities.B.props.sum__.compiledFormula_= undefined
stockReservationSchema.entities.B.props.x__.formula= 100 - sum__
Starting FormulaDBEngine...
2019-03-27T12:03:46.472Z|1553688226471_mtEwPPqbYYT1U6RGdmMtci|BEGIN|{"clientId_":"4inhsb97YemyzYa9JZ71E1","state_":"BEGIN","obj":{"_id":"A~~c__","b":"B~~1","val":2},"type_":"[form] ServerEventModifiedFormData","_id":"1553688226471_mtEwPPqbYYT1U6RGdmMtci"}
2019-03-27T12:03:46.477Z|1553688226471_mtEwPPqbYYT1U6RGdmMtci||1|addObj|0ms; level=0|A~~c__hzh424utXkB5ZpRoRodgG4/{"newObj":{"_id":"A~~c__hzh424utXkB5ZpRoRodgG4","b":"B~~1","val":2},"oldObj":null,"aggsViewsUpdates":[],"obsViewsUpdates":[]} in [{}]
2019-03-27T12:03:46.528Z|1553688226471_mtEwPPqbYYT1U6RGdmMtci||1|preComputeFormula|A~~c__hzh424utXkB5ZpRoRodgG4 --> B~~1[sum__] = 5 ($TRG$={"vaggs-A-SUMIF(A.val, b == @[_id])":5}) = [$TRG$['vaggs-A-SUMIF(A.val, b == @[_id])']]
2019-03-27T12:03:46.529Z|1553688226471_mtEwPPqbYYT1U6RGdmMtci||1|preComputeFormula| - selfFormula: B~~1[x__] = [100 - sum__] = 95
2019-03-27T12:03:46.529Z|1553688226471_mtEwPPqbYYT1U6RGdmMtci||1|addObj|0ms; level=1|B~~1/{"newObj":{"_id":"B~~1","sum__":5,"x__":95},"oldObj":{"_id":"B~~1","sum__":1,"x__":7},"aggsViewsUpdates":[{"viewHashCode":"vaggs-A-SUMIF(A.val, b == @[_id])","map":[{"key":["B~~1","A~~c__hzh424utXkB5ZpRoRodgG4"],"value":2}],"mapDelete":[],"reduce":[{"key":["B~~1"],"value":5}],"reduceDelete":[]}],"obsViewsUpdates":[{"viewHashCode":"vobs-B-SUMIF(A.val, b == @[_id])","map":[{"key":["B~~1","B~~1"]}],"mapDelete":[],"reduce":[],"reduceDelete":[]}]} in [{},{}]
2019-03-27T12:03:46.531Z|1553688226471_mtEwPPqbYYT1U6RGdmMtci|0|objIds: ["A~~c__hzh424utXkB5ZpRoRodgG4","B~~1","MAP:B~~1\u0001A~~c__hzh424utXkB5ZpRoRodgG4","REDUCE:B~~1","MAP:B~~1\u0001B~~1"]|conflicts: []
2019-03-27T12:03:46.533Z|1553688226471_mtEwPPqbYYT1U6RGdmMtci|0|executing transaction
2019-03-27T12:03:46.534Z|1553688226471_mtEwPPqbYYT1U6RGdmMtci||1|addObj|0ms; level=0|A~~c__hzh424utXkB5ZpRoRodgG4/{"newObj":{"_id":"A~~c__hzh424utXkB5ZpRoRodgG4","b":"B~~1","val":2},"oldObj":null,"aggsViewsUpdates":[],"obsViewsUpdates":[]} in [{}]
2019-03-27T12:03:46.576Z|1553688226471_mtEwPPqbYYT1U6RGdmMtci||1|preComputeFormula|A~~c__hzh424utXkB5ZpRoRodgG4 --> B~~1[sum__] = 5 ($TRG$={"vaggs-A-SUMIF(A.val, b == @[_id])":5}) = [$TRG$['vaggs-A-SUMIF(A.val, b == @[_id])']]
2019-03-27T12:03:46.577Z|1553688226471_mtEwPPqbYYT1U6RGdmMtci||1|preComputeFormula| - selfFormula: B~~1[x__] = [100 - sum__] = 95
2019-03-27T12:03:46.578Z|1553688226471_mtEwPPqbYYT1U6RGdmMtci||1|addObj|0ms; level=1|B~~1/{"newObj":{"_id":"B~~1","sum__":5,"x__":95},"oldObj":{"_id":"B~~1","sum__":1,"x__":7},"aggsViewsUpdates":[{"viewHashCode":"vaggs-A-SUMIF(A.val, b == @[_id])","map":[{"key":["B~~1","A~~c__hzh424utXkB5ZpRoRodgG4"],"value":2}],"mapDelete":[],"reduce":[{"key":["B~~1"],"value":5}],"reduceDelete":[]}],"obsViewsUpdates":[{"viewHashCode":"vobs-B-SUMIF(A.val, b == @[_id])","map":[{"key":["B~~1","B~~1"]}],"mapDelete":[],"reduce":[],"reduceDelete":[]}]} in [{},{}]
2019-03-27T12:03:46.579Z|1553688226471_mtEwPPqbYYT1U6RGdmMtci||1|computeFormulasAndSave|saveObjects: {"_id":"A~~c__hzh424utXkB5ZpRoRodgG4","b":"B~~1","val":2}, {"_id":"B~~1","sum__":5,"x__":95}
2019-03-27T12:03:46.616Z|1553688226471_mtEwPPqbYYT1U6RGdmMtci||1|FINISH|{"clientId_":"4inhsb97YemyzYa9JZ71E1","state_":"BEGIN","obj":{"_id":"A~~c__hzh424utXkB5ZpRoRodgG4","b":"B~~1","val":2},"type_":"[form] ServerEventModifiedFormData","_id":"1553688226471_mtEwPPqbYYT1U6RGdmMtci"}
2019-03-27T12:03:46.621Z|1553688226621_fGCEeSuEaZZKxdtxt6kbY7|BEGIN|{"clientId_":"4ZM66CZQdZoJ1AxjjT7sFN","state_":"BEGIN","obj":{"_id":"A~~c__","b":"B~~1","val":3},"type_":"[form] ServerEventModifiedFormData","_id":"1553688226621_fGCEeSuEaZZKxdtxt6kbY7"}
2019-03-27T12:03:46.622Z|1553688226621_fGCEeSuEaZZKxdtxt6kbY7||1|addObj|0ms; level=0|A~~c__qp9bxHsbPV8Tr2y5jehrXZ/{"newObj":{"_id":"A~~c__qp9bxHsbPV8Tr2y5jehrXZ","b":"B~~1","val":3},"oldObj":null,"aggsViewsUpdates":[],"obsViewsUpdates":[]} in [{}]
2019-03-27T12:03:46.641Z|1553688226621_fGCEeSuEaZZKxdtxt6kbY7||1|preComputeFormula|A~~c__qp9bxHsbPV8Tr2y5jehrXZ --> B~~1[sum__] = 8 ($TRG$={"vaggs-A-SUMIF(A.val, b == @[_id])":8}) = [$TRG$['vaggs-A-SUMIF(A.val, b == @[_id])']]
2019-03-27T12:03:46.643Z|1553688226621_fGCEeSuEaZZKxdtxt6kbY7||1|preComputeFormula| - selfFormula: B~~1[x__] = [100 - sum__] = 92
2019-03-27T12:03:46.643Z|1553688226621_fGCEeSuEaZZKxdtxt6kbY7||1|addObj|0ms; level=1|B~~1/{"newObj":{"_id":"B~~1","sum__":8,"x__":92},"oldObj":{"_id":"B~~1","sum__":5,"x__":95},"aggsViewsUpdates":[{"viewHashCode":"vaggs-A-SUMIF(A.val, b == @[_id])","map":[{"key":["B~~1","A~~c__qp9bxHsbPV8Tr2y5jehrXZ"],"value":3}],"mapDelete":[],"reduce":[{"key":["B~~1"],"value":8}],"reduceDelete":[]}],"obsViewsUpdates":[{"viewHashCode":"vobs-B-SUMIF(A.val, b == @[_id])","map":[{"key":["B~~1","B~~1"]}],"mapDelete":[],"reduce":[],"reduceDelete":[]}]} in [{},{}]
2019-03-27T12:03:46.645Z|1553688226621_fGCEeSuEaZZKxdtxt6kbY7|0|objIds: ["A~~c__qp9bxHsbPV8Tr2y5jehrXZ","B~~1","MAP:B~~1\u0001A~~c__qp9bxHsbPV8Tr2y5jehrXZ","REDUCE:B~~1","MAP:B~~1\u0001B~~1"]|conflicts: []
2019-03-27T12:03:46.646Z|1553688226621_fGCEeSuEaZZKxdtxt6kbY7|0|executing transaction
2019-03-27T12:03:46.647Z|1553688226621_fGCEeSuEaZZKxdtxt6kbY7||1|addObj|0ms; level=0|A~~c__qp9bxHsbPV8Tr2y5jehrXZ/{"newObj":{"_id":"A~~c__qp9bxHsbPV8Tr2y5jehrXZ","b":"B~~1","val":3},"oldObj":null,"aggsViewsUpdates":[],"obsViewsUpdates":[]} in [{}]
2019-03-27T12:03:46.672Z|1553688226621_fGCEeSuEaZZKxdtxt6kbY7||1|preComputeFormula|A~~c__qp9bxHsbPV8Tr2y5jehrXZ --> B~~1[sum__] = 8 ($TRG$={"vaggs-A-SUMIF(A.val, b == @[_id])":8}) = [$TRG$['vaggs-A-SUMIF(A.val, b == @[_id])']]
2019-03-27T12:03:46.672Z|1553688226621_fGCEeSuEaZZKxdtxt6kbY7||1|preComputeFormula| - selfFormula: B~~1[x__] = [100 - sum__] = 92
2019-03-27T12:03:46.673Z|1553688226621_fGCEeSuEaZZKxdtxt6kbY7||1|addObj|0ms; level=1|B~~1/{"newObj":{"_id":"B~~1","sum__":8,"x__":92},"oldObj":{"_id":"B~~1","sum__":5,"x__":95},"aggsViewsUpdates":[{"viewHashCode":"vaggs-A-SUMIF(A.val, b == @[_id])","map":[{"key":["B~~1","A~~c__qp9bxHsbPV8Tr2y5jehrXZ"],"value":3}],"mapDelete":[],"reduce":[{"key":["B~~1"],"value":8}],"reduceDelete":[]}],"obsViewsUpdates":[{"viewHashCode":"vobs-B-SUMIF(A.val, b == @[_id])","map":[{"key":["B~~1","B~~1"]}],"mapDelete":[],"reduce":[],"reduceDelete":[]}]} in [{},{}]
2019-03-27T12:03:46.673Z|1553688226621_fGCEeSuEaZZKxdtxt6kbY7||1|computeFormulasAndSave|saveObjects: {"_id":"A~~c__qp9bxHsbPV8Tr2y5jehrXZ","b":"B~~1","val":3}, {"_id":"B~~1","sum__":8,"x__":92}
2019-03-27T12:03:46.702Z|1553688226621_fGCEeSuEaZZKxdtxt6kbY7||1|FINISH|{"clientId_":"4ZM66CZQdZoJ1AxjjT7sFN","state_":"BEGIN","obj":{"_id":"A~~c__qp9bxHsbPV8Tr2y5jehrXZ","b":"B~~1","val":3},"type_":"[form] ServerEventModifiedFormData","_id":"1553688226621_fGCEeSuEaZZKxdtxt6kbY7"}
2019-03-27T12:03:46.712Z|1553688226712_iSPNYHyPzyjrm3dt1nbXku|BEGIN|{"clientId_":"efB7aotvhpXm3HBF7UqYY8","state_":"BEGIN","obj":{"_id":"A~~2","b":"B~~1","val":4},"type_":"[form] ServerEventModifiedFormData","_id":"1553688226712_iSPNYHyPzyjrm3dt1nbXku"}
2019-03-27T12:03:46.718Z|1553688226712_iSPNYHyPzyjrm3dt1nbXku||1|addObj|0ms; level=0|A~~2/{"newObj":{"_id":"A~~2","b":"B~~1","val":4},"oldObj":{"_id":"A~~2","b":"B~~1","val":2},"aggsViewsUpdates":[],"obsViewsUpdates":[]} in [{}]
2019-03-27T12:03:46.786Z|1553688226712_iSPNYHyPzyjrm3dt1nbXku||1|preComputeFormula|A~~2 --> B~~1[sum__] = 10 ($TRG$={"vaggs-A-SUMIF(A.val, b == @[_id])":10}) = [$TRG$['vaggs-A-SUMIF(A.val, b == @[_id])']]
2019-03-27T12:03:46.786Z|1553688226712_iSPNYHyPzyjrm3dt1nbXku||1|preComputeFormula| - selfFormula: B~~1[x__] = [100 - sum__] = 90
2019-03-27T12:03:46.786Z|1553688226712_iSPNYHyPzyjrm3dt1nbXku||1|addObj|0ms; level=1|B~~1/{"newObj":{"_id":"B~~1","sum__":10,"x__":90},"oldObj":{"_id":"B~~1","sum__":8,"x__":92},"aggsViewsUpdates":[{"viewHashCode":"vaggs-A-SUMIF(A.val, b == @[_id])","map":[{"key":["B~~1","A~~2"],"value":4}],"mapDelete":[],"reduce":[{"key":["B~~1"],"value":10}],"reduceDelete":[]}],"obsViewsUpdates":[{"viewHashCode":"vobs-B-SUMIF(A.val, b == @[_id])","map":[{"key":["B~~1","B~~1"]}],"mapDelete":[],"reduce":[],"reduceDelete":[]}]} in [{},{}]
2019-03-27T12:03:46.787Z|1553688226712_iSPNYHyPzyjrm3dt1nbXku|0|objIds: ["A~~2","B~~1","MAP:B~~1\u0001A~~2","REDUCE:B~~1","MAP:B~~1\u0001B~~1"]|conflicts: []
2019-03-27T12:03:46.788Z|1553688226712_iSPNYHyPzyjrm3dt1nbXku|0|executing transaction
2019-03-27T12:03:46.790Z|1553688226712_iSPNYHyPzyjrm3dt1nbXku||1|addObj|0ms; level=0|A~~2/{"newObj":{"_id":"A~~2","b":"B~~1","val":4},"oldObj":{"_id":"A~~2","b":"B~~1","val":2},"aggsViewsUpdates":[],"obsViewsUpdates":[]} in [{}]
2019-03-27T12:03:46.864Z|1553688226712_iSPNYHyPzyjrm3dt1nbXku||1|preComputeFormula|A~~2 --> B~~1[sum__] = 10 ($TRG$={"vaggs-A-SUMIF(A.val, b == @[_id])":10}) = [$TRG$['vaggs-A-SUMIF(A.val, b == @[_id])']]
2019-03-27T12:03:46.864Z|1553688226712_iSPNYHyPzyjrm3dt1nbXku||1|preComputeFormula| - selfFormula: B~~1[x__] = [100 - sum__] = 90
2019-03-27T12:03:46.865Z|1553688226712_iSPNYHyPzyjrm3dt1nbXku||1|addObj|0ms; level=1|B~~1/{"newObj":{"_id":"B~~1","sum__":10,"x__":90},"oldObj":{"_id":"B~~1","sum__":8,"x__":92},"aggsViewsUpdates":[{"viewHashCode":"vaggs-A-SUMIF(A.val, b == @[_id])","map":[{"key":["B~~1","A~~2"],"value":4}],"mapDelete":[],"reduce":[{"key":["B~~1"],"value":10}],"reduceDelete":[]}],"obsViewsUpdates":[{"viewHashCode":"vobs-B-SUMIF(A.val, b == @[_id])","map":[{"key":["B~~1","B~~1"]}],"mapDelete":[],"reduce":[],"reduceDelete":[]}]} in [{},{}]
2019-03-27T12:03:46.865Z|1553688226712_iSPNYHyPzyjrm3dt1nbXku||1|computeFormulasAndSave|saveObjects: {"_id":"A~~2","b":"B~~1","val":4}, {"_id":"B~~1","sum__":10,"x__":90}
2019-03-27T12:03:46.887Z|1553688226712_iSPNYHyPzyjrm3dt1nbXku||1|FINISH|{"clientId_":"efB7aotvhpXm3HBF7UqYY8","state_":"BEGIN","obj":{"_id":"A~~2","b":"B~~1","val":4},"type_":"[form] ServerEventModifiedFormData","_id":"1553688226712_iSPNYHyPzyjrm3dt1nbXku"}
2019-03-27T12:03:46.894Z|1553688226894_w3wuxB7N3Z7xATpWyQTWSk|BEGIN|{"clientId_":"rWqGTaZbCLuA5E3pud5bau","state_":"BEGIN","obj":{"_id":"A~~","b":"B~~1","val":95},"type_":"[form] ServerEventModifiedFormData","_id":"1553688226894_w3wuxB7N3Z7xATpWyQTWSk"}
2019-03-27T12:03:46.895Z|1553688226894_w3wuxB7N3Z7xATpWyQTWSk||1|addObj|0ms; level=0|A~~v8rFwjG6Fkx1g2x2qAL73S/{"newObj":{"_id":"A~~v8rFwjG6Fkx1g2x2qAL73S","b":"B~~1","val":95},"oldObj":null,"aggsViewsUpdates":[],"obsViewsUpdates":[]} in [{}]
2019-03-27T12:03:46.935Z|1553688226894_w3wuxB7N3Z7xATpWyQTWSk||1|computeAutoCorrections: A~~v8rFwjG6Fkx1g2x2qAL73S[val] = [MAX(0, val + $ROW$.x__)] = 90
2019-03-27T12:03:46.936Z|1553688226894_w3wuxB7N3Z7xATpWyQTWSk||1|computeAutoCorrections: A~~v8rFwjG6Fkx1g2x2qAL73S[err] = [ABS($OLD$.val - val)] = 5
2019-03-27T12:03:46.938Z|1553688226894_w3wuxB7N3Z7xATpWyQTWSk||1|FINISH|{"clientId_":"rWqGTaZbCLuA5E3pud5bau","state_":"ABORT","obj":{"_id":"A~~v8rFwjG6Fkx1g2x2qAL73S","b":"B~~1","val":90,"err":5},"type_":"[form] ServerEventModifiedFormData","_id":"1553688226894_w3wuxB7N3Z7xATpWyQTWSk","reason_":"ABORT_ON_ERROR","error_":"{\"message\":\"still haveFailedValidations after retries\"}. Stack:undefined"}
2019-03-27T12:03:46.976Z|1553688226976_rMgvgiShxzhMCGWkqUKakh|BEGIN|{"clientId_":"4RCbXPtxCWBphxPbZ1EfFR","state_":"BEGIN","obj":{"_id":"A~~v8rFwjG6Fkx1g2x2qAL73S","b":"B~~1","val":90,"err":5},"type_":"[form] ServerEventDeletedFormDataEvent","_id":"1553688226976_rMgvgiShxzhMCGWkqUKakh"}
2019-03-27T12:03:47.009Z|1553688226976_rMgvgiShxzhMCGWkqUKakh||1|FINISH|{"clientId_":"4RCbXPtxCWBphxPbZ1EfFR","state_":"ABORT","obj":{"_id":"A~~v8rFwjG6Fkx1g2x2qAL73S","b":"B~~1","val":90,"err":5},"type_":"[form] ServerEventDeletedFormDataEvent","_id":"1553688226976_rMgvgiShxzhMCGWkqUKakh","reason_":"ABORT_ON_ERROR","error_":"{}. Stack:Error: Cannot find children of object with missing entity A~~v8rFwjG6Fkx1g2x2qAL73S\n    at FrmdbTransactionRunner.getChildObjects (/d/code/metawiz/febe/core/src/frmdb_transaction_runner.ts:272:28)"}
2019-03-27T12:03:47.013Z|1553688227012_8BzNEdS9jr5MCSZxrDUc1Z|BEGIN|{"clientId_":"vL2NjHzbVCnv7gjKZLV5F4","state_":"BEGIN","obj":{"_id":"A~~","b":"B~~1","val":295},"type_":"[form] ServerEventModifiedFormData","_id":"1553688227012_8BzNEdS9jr5MCSZxrDUc1Z"}
2019-03-27T12:03:47.015Z|1553688227012_8BzNEdS9jr5MCSZxrDUc1Z||1|addObj|0ms; level=0|A~~51UvBP7cBPeGxQM2haw5dd/{"newObj":{"_id":"A~~51UvBP7cBPeGxQM2haw5dd","b":"B~~1","val":295},"oldObj":null,"aggsViewsUpdates":[],"obsViewsUpdates":[]} in [{}]
2019-03-27T12:03:47.050Z|1553688227012_8BzNEdS9jr5MCSZxrDUc1Z||1|computeAutoCorrections: A~~51UvBP7cBPeGxQM2haw5dd[val] = [MAX(0, val + $ROW$.x__)] = 90
2019-03-27T12:03:47.051Z|1553688227012_8BzNEdS9jr5MCSZxrDUc1Z||1|computeAutoCorrections: A~~51UvBP7cBPeGxQM2haw5dd[err] = [ABS($OLD$.val - val)] = 205
2019-03-27T12:03:47.052Z|1553688227012_8BzNEdS9jr5MCSZxrDUc1Z||1|FINISH|{"clientId_":"vL2NjHzbVCnv7gjKZLV5F4","state_":"ABORT","obj":{"_id":"A~~51UvBP7cBPeGxQM2haw5dd","b":"B~~1","val":90,"err":205},"type_":"[form] ServerEventModifiedFormData","_id":"1553688227012_8BzNEdS9jr5MCSZxrDUc1Z","reason_":"ABORT_ON_ERROR","error_":"{\"message\":\"still haveFailedValidations after retries\"}. Stack:undefined"}
2019-03-27T12:03:47.062Z|1553688227062_nmQY6qLMpNXhdAfjoNdJFT|BEGIN|{"clientId_":"5ycYH6w3ANRPq1DCJT46Sj","state_":"BEGIN","obj":{"_id":"A~~51UvBP7cBPeGxQM2haw5dd","b":"B~~1","val":90,"err":205},"type_":"[form] ServerEventDeletedFormDataEvent","_id":"1553688227062_nmQY6qLMpNXhdAfjoNdJFT"}
2019-03-27T12:03:47.082Z|1553688227062_nmQY6qLMpNXhdAfjoNdJFT||1|FINISH|{"clientId_":"5ycYH6w3ANRPq1DCJT46Sj","state_":"ABORT","obj":{"_id":"A~~51UvBP7cBPeGxQM2haw5dd","b":"B~~1","val":90,"err":205},"type_":"[form] ServerEventDeletedFormDataEvent","_id":"1553688227062_nmQY6qLMpNXhdAfjoNdJFT","reason_":"ABORT_ON_ERROR","error_":"{}. Stack:Error: Cannot find children of object with missing entity A~~51UvBP7cBPeGxQM2haw5dd\n    at FrmdbTransactionRunner.getChildObjects (/d/code/metawiz/febe/core/src/frmdb_transaction_runner.ts:272:28)"}
2019-03-27T12:03:47.084Z|1553688227084_sRWtkN5CkHERzPkT9s1ADK|BEGIN|{"clientId_":"to3ynWB75YAvF2z9MumNdP","state_":"BEGIN","obj":{"_id":"A~~2","b":"B~~1","val":4},"type_":"[form] ServerEventDeletedFormDataEvent","_id":"1553688227084_sRWtkN5CkHERzPkT9s1ADK"}
2019-03-27T12:03:47.103Z|1553688227084_sRWtkN5CkHERzPkT9s1ADK||1|FINISH|{"clientId_":"to3ynWB75YAvF2z9MumNdP","state_":"ABORT","obj":{"_id":"A~~2","b":"B~~1","val":4},"type_":"[form] ServerEventDeletedFormDataEvent","_id":"1553688227084_sRWtkN5CkHERzPkT9s1ADK","reason_":"ABORT_ON_ERROR","error_":"{}. Stack:Error: Cannot find children of object with missing entity A~~2\n    at FrmdbTransactionRunner.getChildObjects (/d/code/metawiz/febe/core/src/frmdb_transaction_runner.ts:272:28)"}
2019-03-27T12:03:47.115Z|1553688227115_qDJxR2vYL2kw1jDGWdmT9o|BEGIN|{"clientId_":"sh4uudSqAwj2KDRHPh1aDU","state_":"BEGIN","obj":{"_id":"A~~1","b":"B~~1","val":1},"type_":"[form] ServerEventDeletedFormDataEvent","_id":"1553688227115_qDJxR2vYL2kw1jDGWdmT9o"}
2019-03-27T12:03:47.127Z|1553688227115_qDJxR2vYL2kw1jDGWdmT9o||1|FINISH|{"clientId_":"sh4uudSqAwj2KDRHPh1aDU","state_":"ABORT","obj":{"_id":"A~~1","b":"B~~1","val":1},"type_":"[form] ServerEventDeletedFormDataEvent","_id":"1553688227115_qDJxR2vYL2kw1jDGWdmT9o","reason_":"ABORT_ON_ERROR","error_":"{}. Stack:Error: Cannot find children of object with missing entity A~~1\n    at FrmdbTransactionRunner.getChildObjects (/d/code/metawiz/febe/core/src/frmdb_transaction_runner.ts:272:28)"}
2019-03-27T12:03:47.133Z|1553688227133_8c7tLJ8Bb3Q7fT7iPvzKAs|BEGIN|{"clientId_":"6LuoNYdhyhYuTssxoZkz62","state_":"BEGIN","obj":{"_id":"C~~c"},"type_":"[form] ServerEventDeletedFormDataEvent","_id":"1553688227133_8c7tLJ8Bb3Q7fT7iPvzKAs"}
2019-03-27T12:03:47.152Z|1553688227133_8c7tLJ8Bb3Q7fT7iPvzKAs||1|FINISH|{"clientId_":"6LuoNYdhyhYuTssxoZkz62","state_":"ABORT","obj":{"_id":"C~~c"},"type_":"[form] ServerEventDeletedFormDataEvent","_id":"1553688227133_8c7tLJ8Bb3Q7fT7iPvzKAs","reason_":"ABORT_ON_ERROR","error_":"{}. Stack:Error: Cannot find children of object with missing entity C~~c\n    at FrmdbTransactionRunner.getChildObjects (/d/code/metawiz/febe/core/src/frmdb_transaction_runner.ts:272:28)"}

  FrmdbEngine
    ✗ Should allow basic formulas computation when saving an object with auto-correct (0.803 sec)
      - Expected Object({ _id: 'B~~1', sum__: 10, x__: 90 }) to equal <jasmine.objectContaining(Object({ sum__: 100, x__: 0 }))>.
          at <Jasmine>
          at UserContext.fit (/d/code/metawiz/febe/core/src/frmdb_engine.spec.ts:154:25)
      - Expected Object({ _id: 'B~~1', sum__: 10, x__: 90 }) to equal <jasmine.objectContaining(Object({ sum__: 100, x__: 0 }))>.
          at <Jasmine>
          at UserContext.fit (/d/code/metawiz/febe/core/src/frmdb_engine.spec.ts:164:25)
      - Expected Object({ _id: 'B~~1', sum__: 10, x__: 90 }) to equal <jasmine.objectContaining(Object({ sum__: 6, x__: 94 }))>.
          at <Jasmine>
          at UserContext.fit (/d/code/metawiz/febe/core/src/frmdb_engine.spec.ts:172:25)
      - Expected Object({ _id: 'B~~1', sum__: 10, x__: 90 }) to equal <jasmine.objectContaining(Object({ sum__: 5, x__: 95 }))>.
          at <Jasmine>
          at UserContext.fit (/d/code/metawiz/febe/core/src/frmdb_engine.spec.ts:177:25)
      - Expected 4 to equal 0.
          at <Jasmine>
          at UserContext.fit (/d/code/metawiz/febe/core/src/frmdb_engine.spec.ts:183:36)
      - Expected 1 to equal 0.
          at <Jasmine>
          at UserContext.fit (/d/code/metawiz/febe/core/src/frmdb_engine.spec.ts:184:39)
      - Expected Object({ _id: 'B~~1', sum__: 10, x__: 90 }) to equal <jasmine.objectContaining(Object({ sum__: 0, x__: 100 }))>.
          at <Jasmine>
          at UserContext.fit (/d/code/metawiz/febe/core/src/frmdb_engine.spec.ts:185:25)

**************************************************
*                    Failures                    *
**************************************************

1) FrmdbEngine Should allow basic formulas computation when saving an object with auto-correct
  - Expected Object({ _id: 'B~~1', sum__: 10, x__: 90 }) to equal <jasmine.objectContaining(Object({ sum__: 100, x__: 0 }))>.
  - Expected Object({ _id: 'B~~1', sum__: 10, x__: 90 }) to equal <jasmine.objectContaining(Object({ sum__: 100, x__: 0 }))>.
  - Expected Object({ _id: 'B~~1', sum__: 10, x__: 90 }) to equal <jasmine.objectContaining(Object({ sum__: 6, x__: 94 }))>.
  - Expected Object({ _id: 'B~~1', sum__: 10, x__: 90 }) to equal <jasmine.objectContaining(Object({ sum__: 5, x__: 95 }))>.
  - Expected 4 to equal 0.
  - Expected 1 to equal 0.
  - Expected Object({ _id: 'B~~1', sum__: 10, x__: 90 }) to equal <jasmine.objectContaining(Object({ sum__: 0, x__: 100 }))>.

Executed 1 of 68 specs (1 FAILED) (67 SKIPPED).
Randomized with seed 29512.

